commit 3e63a681c9e6f12203e55bb0d2d6261faed2cf32
Author: christian-lopezxd <00179320@uca.edu.sv>
Date:   Wed Jan 1 12:47:07 2025 -0600

    fixing problems

commit 8bf33524340722b9ba3ff6fc1d06eb9fb4e6ae26
Author: ChrisGCP <christian.lopez@telsal.com>
Date:   Mon Dec 30 22:46:23 2024 +0000

    fix

commit 8e70257fc558a13b7fef214a40675ac2397aa5e1
Author: ChrisGCP <christian.lopez@telsal.cloud>
Date:   Mon Dec 30 14:43:43 2024 -0800

    Update Dockerfile

commit 1474d798fc52ee8116fc3fbb2d03e6e72500d926
Author: ChrisGCP <christian.lopez@telsal.cloud>
Date:   Mon Dec 30 14:06:20 2024 -0800

    Update Dockerfile

commit efa141adff9f12962c8b662b19fa9f2dd0b42215
Author: ChrisGCP <christian.lopez@telsal.com>
Date:   Mon Dec 30 21:18:28 2024 +0000

    dockerfile

commit f14b6bd3db78e2784fad41541ab5e287bf0e58d5
Author: ChrisGCP <christian.lopez@telsal.com>
Date:   Mon Dec 30 21:11:47 2024 +0000

    dockerfile

commit 1efaabf1352f8d88622eac3fe990efe5e77cf82f
Author: ChrisGCP <christian.lopez@telsal.cloud>
Date:   Mon Dec 30 15:08:53 2024 -0600

    Change dockerfile

commit abe4848292d6baf9d76040fc15906de8a5b2f5a6
Author: ChrisGCP <christian.lopez@telsal.cloud>
Date:   Mon Dec 30 15:05:25 2024 -0600

    upload files

commit f44135f9ee91f13a204e92430f4af082c2d17cf3
Author: ChrisGCP <christian.lopez@telsal.com>
Date:   Mon Dec 30 20:55:06 2024 +0000

    Initial Commit

commit 92640b5af7c5b72270e1c8cf02f11c48b70f24c1
Author: ChrisGCP <christian.lopez@telsal.com>
Date:   Mon Dec 30 20:52:50 2024 +0000

    Initial Commit
